c:\users\dama\source\repos\angelisland\release\angelisland.lib
c:\users\dama\source\repos\angelisland\release\angelisland.exp
c:\users\dama\source\repos\angelisland\release\angelisland.ipdb
c:\users\dama\source\repos\angelisland\release\angelisland.iobj
c:\users\dama\source\repos\angelisland\angelisland\release\vc142.pdb
c:\users\dama\source\repos\angelisland\angelisland\release\dllmain.obj
c:\users\dama\source\repos\angelisland\angelisland\release\angelisland.pch
c:\users\dama\source\repos\angelisland\angelisland\release\pch.obj
c:\users\dama\source\repos\angelisland\angelisland\release\angelisland.obj
c:\users\dama\source\repos\angelisland\angelisland\release\landtableinfo.obj
c:\users\dama\source\repos\angelisland\angelisland\release\modelinfo.obj
c:\users\dama\source\repos\angelisland\release\angelisland.dll
c:\users\dama\source\repos\angelisland\release\angelisland.pdb
c:\users\dama\source\repos\angelisland\angelisland\release\angelisland.tlog\angelisland.write.1u.tlog
c:\users\dama\source\repos\angelisland\angelisland\release\angelisland.tlog\cl.command.1.tlog
c:\users\dama\source\repos\angelisland\angelisland\release\angelisland.tlog\cl.read.1.tlog
c:\users\dama\source\repos\angelisland\angelisland\release\angelisland.tlog\cl.write.1.tlog
c:\users\dama\source\repos\angelisland\angelisland\release\angelisland.tlog\link.command.1.tlog
c:\users\dama\source\repos\angelisland\angelisland\release\angelisland.tlog\link.read.1.tlog
c:\users\dama\source\repos\angelisland\angelisland\release\angelisland.tlog\link.write.1.tlog
